<?xml version='1.0' encoding='UTF-8'?>
<testsuite hostname="mesoors-MacBook-Pro.local" name="com.example.AkkademyDbSpec" tests="1" errors="0" failures="0" skipped="0" time="0.043">
                     <properties>
[...]
</properties>
                     <testcase classname="com.example.AkkademyDbSpec" name="akkademyDb given SetRequest should place key/value into map" time="0.043">
                                                 
                                               </testcase>
                     <system-out><![CDATA[]]></system-out>
                     <system-err><![CDATA[]]></system-err>
                   </testsuite>